<?xml version="1.0" encoding="UTF-8"?>
<testng-results skipped="0" failed="2" total="7" passed="5">
  <reporter-output>
  </reporter-output>
  <suite name="Suite" duration-ms="310124" started-at="2018-08-05T20:04:50Z" finished-at="2018-08-05T20:10:00Z">
    <groups>
    </groups>
    <test name="Test" duration-ms="310124" started-at="2018-08-05T20:04:50Z" finished-at="2018-08-05T20:10:00Z">
      <class name="com.qa.crm.testcases.ContactsPageTest">
        <test-method status="PASS" signature="setup()[pri:0, instance:com.qa.crm.testcases.ContactsPageTest@5d5eef3d]" name="setup" is-config="true" duration-ms="40512" started-at="2018-08-06T01:34:50Z" finished-at="2018-08-06T01:35:30Z">
          <reporter-output>
          </reporter-output>
        </test-method> <!-- setup -->
        <test-method status="FAIL" signature="verifycontactslabel()[pri:1, instance:com.qa.crm.testcases.ContactsPageTest@5d5eef3d]" name="verifycontactslabel" duration-ms="15" started-at="2018-08-06T01:35:30Z" finished-at="2018-08-06T01:35:30Z">
          <exception class="java.lang.NullPointerException">
            <full-stacktrace>
              <![CDATA[java.lang.NullPointerException
	at com.qa.crm.testcases.ContactsPageTest.verifycontactslabel(ContactsPageTest.java:36)
	at sun.reflect.NativeMethodAccessorImpl.invoke0(Native Method)
	at sun.reflect.NativeMethodAccessorImpl.invoke(Unknown Source)
	at sun.reflect.DelegatingMethodAccessorImpl.invoke(Unknown Source)
	at java.lang.reflect.Method.invoke(Unknown Source)
	at org.testng.internal.MethodInvocationHelper.invokeMethod(MethodInvocationHelper.java:86)
	at org.testng.internal.Invoker.invokeMethod(Invoker.java:643)
	at org.testng.internal.Invoker.invokeTestMethod(Invoker.java:820)
	at org.testng.internal.Invoker.invokeTestMethods(Invoker.java:1128)
	at org.testng.internal.TestMethodWorker.invokeTestMethods(TestMethodWorker.java:129)
	at org.testng.internal.TestMethodWorker.run(TestMethodWorker.java:112)
	at org.testng.TestRunner.privateRun(TestRunner.java:782)
	at org.testng.TestRunner.run(TestRunner.java:632)
	at org.testng.SuiteRunner.runTest(SuiteRunner.java:366)
	at org.testng.SuiteRunner.runSequentially(SuiteRunner.java:361)
	at org.testng.SuiteRunner.privateRun(SuiteRunner.java:319)
	at org.testng.SuiteRunner.run(SuiteRunner.java:268)
	at org.testng.SuiteRunnerWorker.runSuite(SuiteRunnerWorker.java:52)
	at org.testng.SuiteRunnerWorker.run(SuiteRunnerWorker.java:86)
	at org.testng.TestNG.runSuitesSequentially(TestNG.java:1244)
	at org.testng.TestNG.runSuitesLocally(TestNG.java:1169)
	at org.testng.TestNG.run(TestNG.java:1064)
	at org.testng.remote.AbstractRemoteTestNG.run(AbstractRemoteTestNG.java:114)
	at org.testng.remote.RemoteTestNG.initAndRun(RemoteTestNG.java:251)
	at org.testng.remote.RemoteTestNG.main(RemoteTestNG.java:77)
]]>
            </full-stacktrace>
          </exception> <!-- java.lang.NullPointerException -->
          <reporter-output>
          </reporter-output>
        </test-method> <!-- verifycontactslabel -->
        <test-method status="PASS" signature="teardown()[pri:0, instance:com.qa.crm.testcases.ContactsPageTest@5d5eef3d]" name="teardown" is-config="true" duration-ms="741" started-at="2018-08-06T01:35:31Z" finished-at="2018-08-06T01:35:32Z">
          <reporter-output>
          </reporter-output>
        </test-method> <!-- teardown -->
      </class> <!-- com.qa.crm.testcases.ContactsPageTest -->
      <class name="com.qa.crm.testcases.LoginPageTest">
        <test-method status="PASS" signature="setup()[pri:0, instance:com.qa.crm.testcases.LoginPageTest@6cc4c815]" name="setup" is-config="true" duration-ms="36587" started-at="2018-08-06T01:37:47Z" finished-at="2018-08-06T01:38:24Z">
          <reporter-output>
          </reporter-output>
        </test-method> <!-- setup -->
        <test-method status="FAIL" signature="loginpagetitletest()[pri:1, instance:com.qa.crm.testcases.LoginPageTest@6cc4c815]" name="loginpagetitletest" duration-ms="17" started-at="2018-08-06T01:38:24Z" finished-at="2018-08-06T01:38:24Z">
          <exception class="java.lang.AssertionError">
            <message>
              <![CDATA[expected [#1 Free CRM software in the cloud for sales and s] but found [#1 Free CRM software in the cloud for sales and service]]]>
            </message>
            <full-stacktrace>
              <![CDATA[java.lang.AssertionError: expected [#1 Free CRM software in the cloud for sales and s] but found [#1 Free CRM software in the cloud for sales and service]
	at org.testng.Assert.fail(Assert.java:94)
	at org.testng.Assert.failNotEquals(Assert.java:513)
	at org.testng.Assert.assertEqualsImpl(Assert.java:135)
	at org.testng.Assert.assertEquals(Assert.java:116)
	at org.testng.Assert.assertEquals(Assert.java:190)
	at org.testng.Assert.assertEquals(Assert.java:200)
	at com.qa.crm.testcases.LoginPageTest.loginpagetitletest(LoginPageTest.java:35)
	at sun.reflect.NativeMethodAccessorImpl.invoke0(Native Method)
	at sun.reflect.NativeMethodAccessorImpl.invoke(Unknown Source)
	at sun.reflect.DelegatingMethodAccessorImpl.invoke(Unknown Source)
	at java.lang.reflect.Method.invoke(Unknown Source)
	at org.testng.internal.MethodInvocationHelper.invokeMethod(MethodInvocationHelper.java:86)
	at org.testng.internal.Invoker.invokeMethod(Invoker.java:643)
	at org.testng.internal.Invoker.invokeTestMethod(Invoker.java:820)
	at org.testng.internal.Invoker.invokeTestMethods(Invoker.java:1128)
	at org.testng.internal.TestMethodWorker.invokeTestMethods(TestMethodWorker.java:129)
	at org.testng.internal.TestMethodWorker.run(TestMethodWorker.java:112)
	at org.testng.TestRunner.privateRun(TestRunner.java:782)
	at org.testng.TestRunner.run(TestRunner.java:632)
	at org.testng.SuiteRunner.runTest(SuiteRunner.java:366)
	at org.testng.SuiteRunner.runSequentially(SuiteRunner.java:361)
	at org.testng.SuiteRunner.privateRun(SuiteRunner.java:319)
	at org.testng.SuiteRunner.run(SuiteRunner.java:268)
	at org.testng.SuiteRunnerWorker.runSuite(SuiteRunnerWorker.java:52)
	at org.testng.SuiteRunnerWorker.run(SuiteRunnerWorker.java:86)
	at org.testng.TestNG.runSuitesSequentially(TestNG.java:1244)
	at org.testng.TestNG.runSuitesLocally(TestNG.java:1169)
	at org.testng.TestNG.run(TestNG.java:1064)
	at org.testng.remote.AbstractRemoteTestNG.run(AbstractRemoteTestNG.java:114)
	at org.testng.remote.RemoteTestNG.initAndRun(RemoteTestNG.java:251)
	at org.testng.remote.RemoteTestNG.main(RemoteTestNG.java:77)
]]>
            </full-stacktrace>
          </exception> <!-- java.lang.AssertionError -->
          <reporter-output>
          </reporter-output>
        </test-method> <!-- loginpagetitletest -->
        <test-method status="PASS" signature="teardown()[pri:0, instance:com.qa.crm.testcases.LoginPageTest@6cc4c815]" name="teardown" is-config="true" duration-ms="726" started-at="2018-08-06T01:38:24Z" finished-at="2018-08-06T01:38:25Z">
          <reporter-output>
          </reporter-output>
        </test-method> <!-- teardown -->
        <test-method status="PASS" signature="setup()[pri:0, instance:com.qa.crm.testcases.LoginPageTest@6cc4c815]" name="setup" is-config="true" duration-ms="36118" started-at="2018-08-06T01:38:25Z" finished-at="2018-08-06T01:39:01Z">
          <reporter-output>
          </reporter-output>
        </test-method> <!-- setup -->
        <test-method status="PASS" signature="logintest()[pri:2, instance:com.qa.crm.testcases.LoginPageTest@6cc4c815]" name="logintest" duration-ms="15691" started-at="2018-08-06T01:39:01Z" finished-at="2018-08-06T01:39:17Z">
          <reporter-output>
          </reporter-output>
        </test-method> <!-- logintest -->
        <test-method status="PASS" signature="teardown()[pri:0, instance:com.qa.crm.testcases.LoginPageTest@6cc4c815]" name="teardown" is-config="true" duration-ms="754" started-at="2018-08-06T01:39:17Z" finished-at="2018-08-06T01:39:18Z">
          <reporter-output>
          </reporter-output>
        </test-method> <!-- teardown -->
        <test-method status="PASS" signature="setup()[pri:0, instance:com.qa.crm.testcases.LoginPageTest@6cc4c815]" name="setup" is-config="true" duration-ms="40487" started-at="2018-08-06T01:39:18Z" finished-at="2018-08-06T01:39:59Z">
          <reporter-output>
          </reporter-output>
        </test-method> <!-- setup -->
        <test-method status="PASS" signature="crmlogotest()[pri:3, instance:com.qa.crm.testcases.LoginPageTest@6cc4c815]" name="crmlogotest" duration-ms="118" started-at="2018-08-06T01:39:59Z" finished-at="2018-08-06T01:39:59Z">
          <reporter-output>
          </reporter-output>
        </test-method> <!-- crmlogotest -->
        <test-method status="PASS" signature="teardown()[pri:0, instance:com.qa.crm.testcases.LoginPageTest@6cc4c815]" name="teardown" is-config="true" duration-ms="706" started-at="2018-08-06T01:39:59Z" finished-at="2018-08-06T01:40:00Z">
          <reporter-output>
          </reporter-output>
        </test-method> <!-- teardown -->
      </class> <!-- com.qa.crm.testcases.LoginPageTest -->
      <class name="com.qa.crm.testcases.HomePageTest">
        <test-method status="PASS" signature="setup()[pri:0, instance:com.qa.crm.testcases.HomePageTest@56f4468b]" name="setup" is-config="true" duration-ms="40901" started-at="2018-08-06T01:35:32Z" finished-at="2018-08-06T01:36:13Z">
          <reporter-output>
          </reporter-output>
        </test-method> <!-- setup -->
        <test-method status="PASS" signature="verifyhomepagetitletest()[pri:1, instance:com.qa.crm.testcases.HomePageTest@56f4468b]" name="verifyhomepagetitletest" duration-ms="26" started-at="2018-08-06T01:36:13Z" finished-at="2018-08-06T01:36:13Z">
          <reporter-output>
          </reporter-output>
        </test-method> <!-- verifyhomepagetitletest -->
        <test-method status="PASS" signature="teardown()[pri:0, instance:com.qa.crm.testcases.HomePageTest@56f4468b]" name="teardown" is-config="true" duration-ms="774" started-at="2018-08-06T01:36:13Z" finished-at="2018-08-06T01:36:14Z">
          <reporter-output>
          </reporter-output>
        </test-method> <!-- teardown -->
        <test-method status="PASS" signature="setup()[pri:0, instance:com.qa.crm.testcases.HomePageTest@56f4468b]" name="setup" is-config="true" duration-ms="43614" started-at="2018-08-06T01:36:14Z" finished-at="2018-08-06T01:36:58Z">
          <reporter-output>
          </reporter-output>
        </test-method> <!-- setup -->
        <test-method status="PASS" signature="verifyusername()[pri:2, instance:com.qa.crm.testcases.HomePageTest@56f4468b]" name="verifyusername" duration-ms="145" started-at="2018-08-06T01:36:58Z" finished-at="2018-08-06T01:36:58Z">
          <reporter-output>
          </reporter-output>
        </test-method> <!-- verifyusername -->
        <test-method status="PASS" signature="teardown()[pri:0, instance:com.qa.crm.testcases.HomePageTest@56f4468b]" name="teardown" is-config="true" duration-ms="791" started-at="2018-08-06T01:36:58Z" finished-at="2018-08-06T01:36:59Z">
          <reporter-output>
          </reporter-output>
        </test-method> <!-- teardown -->
        <test-method status="PASS" signature="setup()[pri:0, instance:com.qa.crm.testcases.HomePageTest@56f4468b]" name="setup" is-config="true" duration-ms="45127" started-at="2018-08-06T01:36:59Z" finished-at="2018-08-06T01:37:44Z">
          <reporter-output>
          </reporter-output>
        </test-method> <!-- setup -->
        <test-method status="PASS" signature="verifycontactslink()[pri:3, instance:com.qa.crm.testcases.HomePageTest@56f4468b]" name="verifycontactslink" duration-ms="636" started-at="2018-08-06T01:37:44Z" finished-at="2018-08-06T01:37:45Z">
          <reporter-output>
          </reporter-output>
        </test-method> <!-- verifycontactslink -->
        <test-method status="PASS" signature="teardown()[pri:0, instance:com.qa.crm.testcases.HomePageTest@56f4468b]" name="teardown" is-config="true" duration-ms="1647" started-at="2018-08-06T01:37:45Z" finished-at="2018-08-06T01:37:47Z">
          <reporter-output>
          </reporter-output>
        </test-method> <!-- teardown -->
      </class> <!-- com.qa.crm.testcases.HomePageTest -->
    </test> <!-- Test -->
  </suite> <!-- Suite -->
</testng-results>
